C51 COMPILER V9.56.0.0   DELAY                                                             04/29/2018 13:14:31 PAGE 1   


C51 COMPILER V9.56.0.0, COMPILATION OF MODULE DELAY
OBJECT MODULE PLACED IN .\Objects\Delay.obj
COMPILER INVOKED BY: D:\hardware\Keil_v5\C51\BIN\C51.EXE ..\src\Delay.c LARGE OPTIMIZE(8,SPEED) BROWSE INCDIR(..\inc) DE
                    -BUG OBJECTEXTEND PRINT(.\Listings\Delay.lst) TABS(2) OBJECT(.\Objects\Delay.obj)

line level    source

   1          #include "intrins.h"
   2          
   3          static void Delay1us(void);
   4          static void Delay1ms(void);
   5          
   6          
   7          //------------------------
   8          void delay_us(unsigned char us)
   9          {
  10   1        while (us--)
  11   1          Delay1us();
  12   1      }
  13          //------------------------
  14          void delay_ms(unsigned int ms)
  15          { 
  16   1        while(ms--)
  17   1          Delay1ms();
  18   1      }
  19          //
  20          
  21          /**************************************/
  22          static void Delay1us(void)    //@11.0592MHz
  23          {
  24   1        _nop_();
  25   1      }
  26          /**************************************/
  27          static void Delay1ms(void)    //@11.0592MHz
  28          {
  29   1        unsigned char i, j;
  30   1      
  31   1        _nop_();
  32   1        i = 11;
  33   1        j = 190;
  34   1        do
  35   1        {
  36   2          while (--j);
  37   2        } while (--i);
  38   1      }


MODULE INFORMATION:   STATIC OVERLAYABLE
   CODE SIZE        =     61    ----
   CONSTANT SIZE    =   ----    ----
   XDATA SIZE       =   ----       3
   PDATA SIZE       =   ----    ----
   DATA SIZE        =   ----    ----
   IDATA SIZE       =   ----    ----
   BIT SIZE         =   ----    ----
END OF MODULE INFORMATION.


C51 COMPILATION COMPLETE.  0 WARNING(S),  0 ERROR(S)
