C51 COMPILER V9.56.0.0   DELAY                                                             04/25/2018 14:47:15 PAGE 1   


C51 COMPILER V9.56.0.0, COMPILATION OF MODULE DELAY
OBJECT MODULE PLACED IN .\Objects\Delay.obj
COMPILER INVOKED BY: D:\hardware\Keil_v5\C51\BIN\C51.EXE ..\src\Delay.c LARGE OPTIMIZE(8,SPEED) BROWSE INCDIR(..\Inc;..\
                    -User) DEBUG OBJECTEXTEND PRINT(.\Listings\Delay.lst) TABS(2) OBJECT(.\Objects\Delay.obj)

line level    source

   1          /**
   2            \file     Dealy.c
   3            \author   Xcping2016
   4            \version  1.00
   5          
   6            \brief    soft delay 
   7          */
   8          #include "main.h"
   9          #include "Delay.h"
  10          #include "intrins.h"
  11          /**************************************/
  12          static void Delay1us(void);
  13          static void Delay1ms(void);
  14          //------------------------
  15          static void Delay1us(void)
  16          {
  17   1        #if (HSE_USED==HSE_11MHZ)       //@11.0592MHz
  18   1        {
  19   2          _nop_();
  20   2        }
  21   1        #elif (HSE_USED==HSE_12MHZ)     //@12MHz
                {
                  _nop_();
                  _nop_();
                }
                #elif (HSE_USED==HSE_22MHZ)     //@22.1148MHz
                {
                  unsigned char i;
                  _nop_();
                  _nop_();
                  i = 2;
                  while (--i);
                }
                #endif
  35   1      }
  36          //------------------------
  37          static void Delay1ms(void)
  38          {
  39   1        #if (HSE_USED==HSE_11MHZ)       //@11.0592MHz
  40   1        {
  41   2          unsigned char i, j;
  42   2          _nop_();
  43   2          i = 11;
  44   2          j = 190;
  45   2          do
  46   2          {
  47   3            while (--j);
  48   3          } while (--i);
  49   2        }
  50   1        
  51   1        #elif (HSE_USED==HSE_12MHZ)     //@12MHz
                {
                  unsigned char i, j;
              
C51 COMPILER V9.56.0.0   DELAY                                                             04/25/2018 14:47:15 PAGE 2   

                  _nop_();
                  _nop_();
                  i = 12;
                  j = 168;
                  do
                  {
                    while (--j);
                  } while (--i);
                }
                #elif (HSE_USED==HSE_22MHZ)     //@22.1148MHz
                {
                  unsigned char i, j;
              
                  i = 22;
                  j = 128;
                  do
                  {
                    while (--j);
                  } while (--i);
                }
                #endif
  76   1      }
  77          //------------------------
  78          void delay_us(unsigned char us)
  79          {
  80   1        while (us--)
  81   1          Delay1us();
  82   1      }
  83          //------------------------
  84          void delay_ms(unsigned char ms)
  85          { 
  86   1        while(ms--)
  87   1          Delay1ms();
  88   1      }
  89          /**************************************/
  90          


MODULE INFORMATION:   STATIC OVERLAYABLE
   CODE SIZE        =     54    ----
   CONSTANT SIZE    =   ----    ----
   XDATA SIZE       =   ----       2
   PDATA SIZE       =   ----    ----
   DATA SIZE        =   ----    ----
   IDATA SIZE       =   ----    ----
   BIT SIZE         =   ----    ----
END OF MODULE INFORMATION.


C51 COMPILATION COMPLETE.  0 WARNING(S),  0 ERROR(S)
