C51 COMPILER V9.56.0.0   IO                                                                04/25/2018 14:47:16 PAGE 1   


C51 COMPILER V9.56.0.0, COMPILATION OF MODULE IO
OBJECT MODULE PLACED IN .\Objects\IO.obj
COMPILER INVOKED BY: D:\hardware\Keil_v5\C51\BIN\C51.EXE ..\src\IO.C LARGE OPTIMIZE(8,SPEED) BROWSE INCDIR(..\Inc;..\Use
                    -r) DEBUG OBJECTEXTEND PRINT(.\Listings\IO.lst) TABS(2) OBJECT(.\Objects\IO.obj)

line level    source

   1          /**
   2            \file       IO.c
   3            \author     Xcping2016
   4            \version    1.00
   5          
   6            \brief      I/O functions
   7          
   8            This file provides functions for using the I/O ports and some other miscellaneous stuff.
   9          */
  10          #include <IO.h>
  11          #include "UART.h"
  12          #include "delay.h"
  13          #include <stdlib.h> 
  14          #include <stdio.h>
  15          #include <string.h>
  16          
  17          u8 timecount=0;
  18          
  19          static u8 GetInput(u8 ch);
  20          static void PrintNA(void);
  21          
  22          static u8 GetInput(u8 ch)
  23          { 
  24   1        if     (ch==1)  return INPUT1 ? 0:1;
  25   1        else if(ch==2)  return INPUT2 ? 0:1;
  26   1        else if(ch==3)  return INPUT3 ? 0:1;
  27   1        else if(ch==4)  return INPUT4 ? 0:1;
  28   1        else if(ch==5)  return INPUT5 ? 0:1;
  29   1        else if(ch==6)  return INPUT6 ? 0:1;
  30   1        else if(ch==7)  return INPUT7 ? 0:1;
  31   1        else if(ch==8)  return INPUT8 ? 0:1;
  32   1        else if(ch==9)  return INPUT9 ? 0:1;
  33   1        else if(ch==10) return INPUT10 ? 0:1;
  34   1        else if(ch==11) return INPUT11 ? 0:1;
  35   1        else            return INPUT12 ? 0:1;
  36   1      }
  37          //////////////////////////////////
  38          u8 PrintInputStatus(u8 *Commands)
  39          {
  40   1        if( strncmp(Commands,"int[",4)==0  ) 
  41   1        { 
  42   2          char *p = NULL;
  43   2          char *s = &Commands[4]; 
  44   2          u8 channel=0;   
  45   2          channel=(u8)strtol(s, &p, 10);  
  46   2          if(*p==']'&& *(p+1)=='\0' && channel>0 && channel<=12)
  47   2          { 
  48   3            UART_Printf("INT[%d]<%d>\n",(u16)channel,(u16)GetInput(channel));
  49   3            return 1;
  50   3          }
  51   2          PrintNA();
  52   2          return 1;
  53   2        } 
  54   1        else return 0;  
C51 COMPILER V9.56.0.0   IO                                                                04/25/2018 14:47:16 PAGE 2   

  55   1      }
  56          /**      
  57          **
  58          **/
  59          u8 SetOutputStatus(u8 *Commands)
  60          {
  61   1        if( strncmp(Commands,"out[",4)==0  ) 
  62   1        { 
  63   2          char *p = NULL;
  64   2          char *s = &Commands[4];   
  65   2          bit Val;    
  66   2          u8 channel=(u8)strtol(s, &p, 10); 
  67   2          if(*p==']'&& *(p+1)=='[' && channel>0 && channel<=12) 
  68   2          {
  69   3            Val=*(p+2)-'0'; 
  70   3            if(*(p+3)==']'&& *(p+4)=='\0' )
  71   3            {
  72   4              switch(channel)
  73   4              {
  74   5                 case 1:  OUTPUT1  = ~Val; break;
  75   5                 case 2:  OUTPUT2  = ~Val; break;
  76   5                 case 3:  OUTPUT3  = ~Val; break;
  77   5                 case 4:  OUTPUT4  = ~Val; break;
  78   5                 case 5:  OUTPUT5  = ~Val; break;
  79   5                 case 6:  OUTPUT6  = ~Val; break;
  80   5                 case 7:  OUTPUT7  = ~Val; break;  
  81   5                 case 8:  OUTPUT8  = ~Val; break;
  82   5                 
  83   5                 case 9:  OUTPUT9  = ~Val; break;
  84   5                 case 10: OUTPUT10 = ~Val; break;
  85   5                 case 11: OUTPUT11 = ~Val; break;
  86   5                 case 12: OUTPUT12 = ~Val; break;
  87   5               
  88   5                 default: break;
  89   5              }
  90   4              UART_Printf("OUT[%d][%d]<OK>\n",(u16)channel,(u16)Val); return 1;
  91   4            }
  92   3          }  
  93   2          PrintNA();
  94   2          return 1;
  95   2        } 
  96   1        else return 0;
  97   1      }
  98          //
  99          static void PrintNA(void)
 100          {
 101   1        UART_SendStr("<NA>\n");
 102   1      }
 103          
 104          
 105          void BoardTest(void)
 106          {
 107   1        INPUT1=0;OUTPUT1=0;delay_ms(50);INPUT1=1;OUTPUT1=1;
 108   1        INPUT2=0;OUTPUT2=0;delay_ms(50);INPUT2=1;OUTPUT2=1;
 109   1        INPUT3=0;OUTPUT3=0;delay_ms(50);INPUT3=1;OUTPUT3=1;
 110   1        INPUT4=0;OUTPUT4=0;delay_ms(50);INPUT4=1;OUTPUT4=1;
 111   1        INPUT5=0;OUTPUT5=0;delay_ms(50);INPUT5=1;OUTPUT5=1;
 112   1        INPUT6=0;OUTPUT6=0;delay_ms(50);INPUT6=1;OUTPUT6=1;
 113   1        INPUT7=0;OUTPUT7=0;delay_ms(50);INPUT7=1;OUTPUT7=1;
 114   1        INPUT8=0;OUTPUT8=0;delay_ms(50);INPUT8=1;OUTPUT8=1;
 115   1        INPUT9=0;OUTPUT9=0;delay_ms(50);INPUT9=1;OUTPUT9=1;
 116   1        INPUT10=0;OUTPUT10=0;delay_ms(50);INPUT10=1;OUTPUT10=1;
C51 COMPILER V9.56.0.0   IO                                                                04/25/2018 14:47:16 PAGE 3   

 117   1        INPUT11=0;OUTPUT11=0;delay_ms(50);INPUT11=1;OUTPUT11=1;
 118   1        INPUT12=0;OUTPUT12=0;delay_ms(50);INPUT12=1;OUTPUT12=1;
 119   1      }
 120          
 121          
 122          
 123          
 124          
 125          
 126          
 127          
 128          
 129          
 130          
 131          
 132          
 133          
 134          


MODULE INFORMATION:   STATIC OVERLAYABLE
   CODE SIZE        =    942    ----
   CONSTANT SIZE    =     46    ----
   XDATA SIZE       =      1      20
   PDATA SIZE       =   ----    ----
   DATA SIZE        =   ----    ----
   IDATA SIZE       =   ----    ----
   BIT SIZE         =   ----       1
END OF MODULE INFORMATION.


C51 COMPILATION COMPLETE.  0 WARNING(S),  0 ERROR(S)
