C51 COMPILER V9.56.0.0   SYSCONTROL                                                        04/25/2018 14:48:04 PAGE 1   


C51 COMPILER V9.56.0.0, COMPILATION OF MODULE SYSCONTROL
OBJECT MODULE PLACED IN .\Objects\SysControl.obj
COMPILER INVOKED BY: D:\hardware\Keil_v5\C51\BIN\C51.EXE ..\Src\SysControl.c LARGE OPTIMIZE(8,SPEED) BROWSE INCDIR(..\In
                    -c;..\User) DEBUG OBJECTEXTEND PRINT(.\Listings\SysControl.lst) TABS(2) OBJECT(.\Objects\SysControl.obj)

line level    source

   1          /**
   2            \file     SysControl.c
   3            \author   Xcping2016
   4            \version  1.00
   5          
   6            \brief    
   7          
   8            This file contains the major function which does all necessary for project.
   9          */
  10          #include "main.h"
  11          #include "IO.h"
  12          #include "UART.h"
  13          #include "Delay.h"
  14          #include "Timer.h"
  15          #include "Commands.h"
  16          #include "SysControl.h"
  17          #include <stdlib.h> 
  18          
  19          void SetUpMcu(void)
  20          {
  21   1        CLK_DIV=0x00;                         
  22   1        //P4SW=0xFF;                            //P4口设为IO
  23   1        P1=0xFF;P2=0xFF;P3=0xFF;P4=0xFF;  
  24   1        P2M0=0x80;                              //P27强挽输出 
  25   1        
  26   1        EA=0;                                   //关总中断  
  27   1        InitUART();                             //串口1初始化   
  28   1        Timer0Init();                           //定时器中断默认低优先级
  29   1        delay_ms(100);
  30   1        EA=1;                                   //开总中断
  31   1      }
  32          //
  33          void CylinderCoolDown(void)
  34          {
  35   1      }
  36          //
  37          void CommandCheckAndExe(void)
  38          {
  39   1        u8 len;
  40   1        if(USART_RX_STA&0x8000)                     
  41   1        {
  42   2          len=USART_RX_STA&0x3fff;              
  43   2          USART_RX_BUF[len]='\0';               
  44   2          UART_SendStr((char*)USART_RX_BUF);
  45   2          UART_SendChar('\n');
  46   2          if(USART_RX_BUF[0]=='\0')                     { ;}//UART_SendStr("\n");}
  47   2          else if(ProcessCommand((char*)USART_RX_BUF))  {                   ;}
  48   2          else                                          { UART_SendStr("<NA>\n");}
  49   2                        
  50   2          UART_SendStr(">>"); 
  51   2          USART_RX_STA=0;
  52   2        } 
  53   1      }
  54          //                    
C51 COMPILER V9.56.0.0   SYSCONTROL                                                        04/25/2018 14:48:04 PAGE 2   

  55          void HandleTaskPerMS(u16 ms)
  56          {
  57   1         static u16 BlinkDelay;
  58   1        
  59   1          if(abs(GetTickTimer0()-BlinkDelay)>ms)
  60   1          {
  61   2            SYS_LED=!SYS_LED;
  62   2            BlinkDelay=GetTickTimer0();
  63   2          } 
  64   1      }
  65          //
  66          void HandleDebugTaskPerMS(void)
  67          {
  68   1         static u16 BlinkDelay1;
  69   1        
  70   1          if(abs(GetTickTimer0()-BlinkDelay1)>1000)
  71   1          {
  72   2            INPUT1=1;INPUT3=1;INPUT5=1;INPUT7=1;INPUT9=1;INPUT11=1;
  73   2            INPUT2=0;INPUT4=0;INPUT6=0;INPUT8=0;INPUT10=0;INPUT12=0;
  74   2            OUTPUT1=1;OUTPUT3=1;OUTPUT5=1;OUTPUT7=1;OUTPUT9=1;OUTPUT11=1;
  75   2            OUTPUT2=0;OUTPUT4=0;OUTPUT6=0;OUTPUT8=0;OUTPUT10=0;OUTPUT12=0;
  76   2            
  77   2            BlinkDelay1=GetTickTimer0();
  78   2          } 
  79   1          else if(abs(GetTickTimer0()-BlinkDelay1)>500)
  80   1          {
  81   2            INPUT1=0;INPUT3=0;INPUT5=0;INPUT7=0;INPUT9=0;INPUT11=0;
  82   2            INPUT2=1;INPUT4=1;INPUT6=1;INPUT8=1;INPUT10=1;INPUT12=1;
  83   2            OUTPUT1=0;OUTPUT3=0;OUTPUT5=0;OUTPUT7=0;OUTPUT9=0;OUTPUT11=0;
  84   2            OUTPUT2=1;OUTPUT4=1;OUTPUT6=1;OUTPUT8=1;OUTPUT10=1;OUTPUT12=1;  
  85   2          } 
  86   1      }
  87          //
  88          void ResetMpuIntoISP(void)
  89          {
  90   1        IAP_CONTR=0x60;
  91   1      }
  92          //
  93          //板子软复位
  94          void ResetMcuToMain(void)
  95          {
  96   1        IAP_CONTR=0x20;
  97   1      }
  98          //
  99          
 100          
 101          
 102          
 103          


MODULE INFORMATION:   STATIC OVERLAYABLE
   CODE SIZE        =    354    ----
   CONSTANT SIZE    =      9    ----
   XDATA SIZE       =      4       2
   PDATA SIZE       =   ----    ----
   DATA SIZE        =   ----    ----
   IDATA SIZE       =   ----    ----
   BIT SIZE         =   ----    ----
END OF MODULE INFORMATION.


C51 COMPILATION COMPLETE.  0 WARNING(S),  0 ERROR(S)
