C51 COMPILER V9.56.0.0   TIMER                                                             04/25/2018 14:47:16 PAGE 1   


C51 COMPILER V9.56.0.0, COMPILATION OF MODULE TIMER
OBJECT MODULE PLACED IN .\Objects\Timer.obj
COMPILER INVOKED BY: D:\hardware\Keil_v5\C51\BIN\C51.EXE ..\Src\Timer.c LARGE OPTIMIZE(8,SPEED) BROWSE INCDIR(..\Inc;..\
                    -User) DEBUG OBJECTEXTEND PRINT(.\Listings\Timer.lst) TABS(2) OBJECT(.\Objects\Timer.obj)

line level    source

   1          /**
   2            \file     Timer.c
   3            \author   Xcping2016
   4            \version  1.00
   5          
   6            \brief  
   7          
   8            This file contains the functions to setup Timer0
   9          */
  10          #include "main.h"
  11          
  12          static volatile u16 TickTimer;
  13          
  14          void Timer0Init(void)         //1ms
  15          {
  16   1        AUXR |= 0x80;           //定时器时钟1T模式
  17   1        TMOD &= 0xF0;           //设置定时器模式
  18   1        TMOD |= 0x01;           //设置定时器模式
  19   1        
  20   1        #if (HSE_USED==HSE_11MHZ)     //@11.0592MHz
  21   1        {
  22   2          TL0 = 0xCD;           //设置定时初值
  23   2          TH0 = 0xD4;           //设置定时初值
  24   2        }
  25   1        #elif (HSE_USED==HSE_12MHZ)     //@12MHz
                {
                  TL0 = 0x20;           //设置定时初值
                  TH0 = 0xD1;           //设置定时初值
                }
                #elif (HSE_USED==HSE_22MHZ)     //@22.1148MHz
                {
                  TL0 = 0x9A;           //设置定时初值
                  TH0 = 0xA9;           //设置定时初值
                }
                #endif  
  36   1        //TF0 = 0;              //清除TF0标志
  37   1        TR0 = 1;              //定时器0开始计时 
  38   1        ET0=1;                //定时器中断使能    溢出中断允许
  39   1      }
  40          
  41          //
  42          void Timer0Routine(void) interrupt 1 
  43          { 
  44   1      //  TF0=0;
  45   1      //  TR0=0; 
  46   1      //  if(time_ms<=600000) time_ms++;
  47   1      //  InputScan(); 
  48   1        
  49   1        //reload timer0 
  50   1        #if (HSE_USED==HSE_11MHZ)     //@11.0592MHz
  51   1        {
  52   2          TL0 = 0xCD;           //设置定时初值
  53   2          TH0 = 0xD4;           //设置定时初值
  54   2        }
C51 COMPILER V9.56.0.0   TIMER                                                             04/25/2018 14:47:16 PAGE 2   

  55   1        #elif (HSE_USED==HSE_12MHZ)     //@12MHz
                {
                  TL0 = 0x20;           //设置定时初值
                  TH0 = 0xD1;           //设置定时初值
                }
                #elif (HSE_USED==HSE_22MHZ)     //@22.1148MHz
                {
                  TL0 = 0x9A;           //设置定时初值
                  TH0 = 0xA9;           //设置定时初值
                }
                #endif  
  66   1        
  67   1      //  TR0=1;  
  68   1        TickTimer++;
  69   1      }
  70          unsigned short GetTickTimer0(void)
  71          {
  72   1        return TickTimer;
  73   1      }
  74          //
  75          


MODULE INFORMATION:   STATIC OVERLAYABLE
   CODE SIZE        =     62    ----
   CONSTANT SIZE    =   ----    ----
   XDATA SIZE       =      2    ----
   PDATA SIZE       =   ----    ----
   DATA SIZE        =   ----    ----
   IDATA SIZE       =   ----    ----
   BIT SIZE         =   ----    ----
END OF MODULE INFORMATION.


C51 COMPILATION COMPLETE.  0 WARNING(S),  0 ERROR(S)
